Using pre-set license
Built from '2020.3/staging' branch; Version is '2020.3.24f1 (79c78de19888) revision 7980941'; Using compiler version '192528614'; Build Type 'Release'
OS: 'Windows 10  (10.0.19042) 64bit Professional' Language: 'en' Physical Memory: 12227 MB
BatchMode: 1, IsHumanControllingUs: 0, StartBugReporterOnCrash: 0, Is64bit: 1, IsPro: 0

COMMAND LINE ARGUMENTS:
C:\Program Files\Unity\Hub\Editor\2020.3.24f1\Editor\Unity.exe
-adb2
-batchMode
-noUpm
-name
AssetImportWorker0
-projectPath
E:/CHARISSE/BLOCK 4/GAME DEV/FINAL REQUIREMENT/GameSummative1
-logFile
Logs/AssetImportWorker0.log
-srvPort
57734
Successfully changed project path to: E:/CHARISSE/BLOCK 4/GAME DEV/FINAL REQUIREMENT/GameSummative1
E:/CHARISSE/BLOCK 4/GAME DEV/FINAL REQUIREMENT/GameSummative1
Using Asset Import Pipeline V2.
Refreshing native plugins compatible for Editor in 54.33 ms, found 3 plugins.
Preloading 0 native plugins for Editor in 0.00 ms.
Initialize engine version: 2020.3.24f1 (79c78de19888)
[Subsystems] Discovering subsystems at path C:/Program Files/Unity/Hub/Editor/2020.3.24f1/Editor/Data/Resources/UnitySubsystems
[Subsystems] Discovering subsystems at path E:/CHARISSE/BLOCK 4/GAME DEV/FINAL REQUIREMENT/GameSummative1/Assets
GfxDevice: creating device client; threaded=0
Direct3D:
    Version:  Direct3D 11.0 [level 11.0]
    Renderer: NVIDIA GeForce GT 710 (ID=0x128b)
    Vendor:   
    VRAM:     2007 MB
    Driver:   30.0.14.7111
Initialize mono
Mono path[0] = 'C:/Program Files/Unity/Hub/Editor/2020.3.24f1/Editor/Data/Managed'
Mono path[1] = 'C:/Program Files/Unity/Hub/Editor/2020.3.24f1/Editor/Data/MonoBleedingEdge/lib/mono/unityjit'
Mono config path = 'C:/Program Files/Unity/Hub/Editor/2020.3.24f1/Editor/Data/MonoBleedingEdge/etc'
Using monoOptions --debugger-agent=transport=dt_socket,embedding=1,server=y,suspend=n,address=127.0.0.1:56660
Begin MonoManager ReloadAssembly
Registering precompiled unity dll's ...
Register platform support module: C:/Program Files/Unity/Hub/Editor/2020.3.24f1/Editor/Data/PlaybackEngines/WindowsStandaloneSupport/UnityEditor.WindowsStandalone.Extensions.dll
Registered in 0.002429 seconds.
Native extension for WindowsStandalone target not found
Refreshing native plugins compatible for Editor in 57.67 ms, found 3 plugins.
Preloading 0 native plugins for Editor in 0.00 ms.
Mono: successfully reloaded assembly
- Completed reload, in  0.804 seconds
Domain Reload Profiling:
	ReloadAssembly (805ms)
		BeginReloadAssembly (75ms)
			ExecutionOrderSort (0ms)
			DisableScriptedObjects (0ms)
			BackupInstance (0ms)
			ReleaseScriptingObjects (0ms)
			CreateAndSetChildDomain (1ms)
		EndReloadAssembly (625ms)
			LoadAssemblies (73ms)
			RebuildTransferFunctionScriptingTraits (0ms)
			SetupTypeCache (225ms)
			ReleaseScriptCaches (0ms)
			RebuildScriptCaches (37ms)
			SetupLoadedEditorAssemblies (230ms)
				LogAssemblyErrors (0ms)
				InitializePlatformSupportModulesInManaged (5ms)
				SetLoadedEditorAssemblies (0ms)
				RefreshPlugins (58ms)
				BeforeProcessingInitializeOnLoad (12ms)
				ProcessInitializeOnLoadAttributes (114ms)
				ProcessInitializeOnLoadMethodAttributes (40ms)
				AfterProcessingInitializeOnLoad (0ms)
				EditorAssembliesLoaded (0ms)
			ExecutionOrderSort2 (0ms)
			AwakeInstancesAfterBackupRestoration (0ms)
Platform modules already initialized, skipping
Registering precompiled user dll's ...
Registered in 0.003460 seconds.
Begin MonoManager ReloadAssembly
Native extension for WindowsStandalone target not found
Refreshing native plugins compatible for Editor in 52.73 ms, found 3 plugins.
Preloading 0 native plugins for Editor in 0.00 ms.
Mono: successfully reloaded assembly
- Completed reload, in  1.462 seconds
Domain Reload Profiling:
	ReloadAssembly (1463ms)
		BeginReloadAssembly (194ms)
			ExecutionOrderSort (0ms)
			DisableScriptedObjects (8ms)
			BackupInstance (0ms)
			ReleaseScriptingObjects (0ms)
			CreateAndSetChildDomain (26ms)
		EndReloadAssembly (1187ms)
			LoadAssemblies (111ms)
			RebuildTransferFunctionScriptingTraits (0ms)
			SetupTypeCache (419ms)
			ReleaseScriptCaches (1ms)
			RebuildScriptCaches (62ms)
			SetupLoadedEditorAssemblies (433ms)
				LogAssemblyErrors (0ms)
				InitializePlatformSupportModulesInManaged (4ms)
				SetLoadedEditorAssemblies (0ms)
				RefreshPlugins (53ms)
				BeforeProcessingInitializeOnLoad (88ms)
				ProcessInitializeOnLoadAttributes (257ms)
				ProcessInitializeOnLoadMethodAttributes (22ms)
				AfterProcessingInitializeOnLoad (9ms)
				EditorAssembliesLoaded (0ms)
			ExecutionOrderSort2 (0ms)
			AwakeInstancesAfterBackupRestoration (8ms)
Platform modules already initialized, skipping
========================================================================
Worker process is ready to serve import requests
Launched and connected shader compiler UnityShaderCompiler.exe after 0.21 seconds
Refreshing native plugins compatible for Editor in 0.56 ms, found 3 plugins.
Preloading 0 native plugins for Editor in 0.00 ms.
Unloading 2202 Unused Serialized files (Serialized files now loaded: 0)
System memory in use before: 116.0 MB.
System memory in use after: 116.1 MB.

Unloading 27 unused Assets to reduce memory usage. Loaded Objects now: 2662.
Total: 4.383600 ms (FindLiveObjects: 0.276600 ms CreateObjectMapping: 0.228700 ms MarkObjects: 3.842100 ms  DeleteObjects: 0.034300 ms)

AssetImportParameters requested are different than current active one (requested -> active):
  custom:framework-win-MediaFoundation: 216162199b28c13a410421893ffa2e32 -> 
  custom:video-decoder-ogg-theora: a1e56fd34408186e4bbccfd4996cb3dc -> 
  custom:container-muxer-webm: aa71ff27fc2769a1b78a27578f13a17b -> 
  custom:container-demuxer-webm: 4f35f7cbe854078d1ac9338744f61a02 -> 
  custom:container-demuxer-ogg: 62fdf1f143b41e24485cea50d1cbac27 -> 
  custom:video-encoder-webm-vp8: eb34c28f22e8b96e1ab97ce403110664 -> 
  custom:video-decoder-webm-vp8: 9c59270c3fd7afecdb556c50c9e8de78 -> 
  custom:audio-decoder-ogg-vorbis: bf7c407c2cedff20999df2af8eb42d56 -> 
  custom:audio-encoder-webm-vorbis: bf7c407c2cedff20999df2af8eb42d56 -> 
========================================================================
Received Import Request.
  path: Assets/BackgroundMusic.mp3
  artifactKey: Guid(d3424a3a8b2be3140b41f864e70433d7) Importer(815301076,1909f56bfc062723c751e8b465ee728b)
Start importing Assets/BackgroundMusic.mp3 using Guid(d3424a3a8b2be3140b41f864e70433d7) Importer(815301076,1909f56bfc062723c751e8b465ee728b)  -> (artifact id: 'cf57c641512b7798caae4e712151ceb9') in 0.784730 seconds 
  Import took 0.790527 seconds .

========================================================================
Received Prepare
Registering precompiled user dll's ...
Registered in 0.003564 seconds.
Begin MonoManager ReloadAssembly
Native extension for WindowsStandalone target not found
Refreshing native plugins compatible for Editor in 0.60 ms, found 3 plugins.
Preloading 0 native plugins for Editor in 0.00 ms.
Mono: successfully reloaded assembly
- Completed reload, in  1.412 seconds
Domain Reload Profiling:
	ReloadAssembly (1412ms)
		BeginReloadAssembly (156ms)
			ExecutionOrderSort (0ms)
			DisableScriptedObjects (7ms)
			BackupInstance (0ms)
			ReleaseScriptingObjects (0ms)
			CreateAndSetChildDomain (56ms)
		EndReloadAssembly (1168ms)
			LoadAssemblies (121ms)
			RebuildTransferFunctionScriptingTraits (0ms)
			SetupTypeCache (420ms)
			ReleaseScriptCaches (1ms)
			RebuildScriptCaches (79ms)
			SetupLoadedEditorAssemblies (389ms)
				LogAssemblyErrors (0ms)
				InitializePlatformSupportModulesInManaged (7ms)
				SetLoadedEditorAssemblies (1ms)
				RefreshPlugins (1ms)
				BeforeProcessingInitializeOnLoad (78ms)
				ProcessInitializeOnLoadAttributes (276ms)
				ProcessInitializeOnLoadMethodAttributes (17ms)
				AfterProcessingInitializeOnLoad (9ms)
				EditorAssembliesLoaded (0ms)
			ExecutionOrderSort2 (0ms)
			AwakeInstancesAfterBackupRestoration (13ms)
Platform modules already initialized, skipping
Refreshing native plugins compatible for Editor in 0.58 ms, found 3 plugins.
Preloading 0 native plugins for Editor in 0.00 ms.
Unloading 2191 Unused Serialized files (Serialized files now loaded: 0)
System memory in use before: 118.4 MB.
System memory in use after: 118.5 MB.

Unloading 17 unused Assets to reduce memory usage. Loaded Objects now: 2673.
Total: 4.296800 ms (FindLiveObjects: 0.289800 ms CreateObjectMapping: 0.199700 ms MarkObjects: 3.781300 ms  DeleteObjects: 0.024400 ms)

AssetImportParameters requested are different than current active one (requested -> active):
  custom:framework-win-MediaFoundation: 216162199b28c13a410421893ffa2e32 -> 
  custom:video-decoder-ogg-theora: a1e56fd34408186e4bbccfd4996cb3dc -> 
  custom:container-muxer-webm: aa71ff27fc2769a1b78a27578f13a17b -> 
  custom:container-demuxer-webm: 4f35f7cbe854078d1ac9338744f61a02 -> 
  custom:container-demuxer-ogg: 62fdf1f143b41e24485cea50d1cbac27 -> 
  custom:video-encoder-webm-vp8: eb34c28f22e8b96e1ab97ce403110664 -> 
  custom:video-decoder-webm-vp8: 9c59270c3fd7afecdb556c50c9e8de78 -> 
  custom:audio-decoder-ogg-vorbis: bf7c407c2cedff20999df2af8eb42d56 -> 
  custom:audio-encoder-webm-vorbis: bf7c407c2cedff20999df2af8eb42d56 -> 
========================================================================
Received Import Request.
  Time since last request: 49.038874 seconds.
  path: Assets/Scenes
  artifactKey: Guid(6347de2fbe1840e439f2c4786f0253c9) Importer(815301076,1909f56bfc062723c751e8b465ee728b)
Start importing Assets/Scenes using Guid(6347de2fbe1840e439f2c4786f0253c9) Importer(815301076,1909f56bfc062723c751e8b465ee728b)  -> (artifact id: '13a60ef1a2ca51148d08e0c9989b8445') in 0.011952 seconds 
  Import took 0.017445 seconds .

========================================================================
Received Import Request.
  Time since last request: 5.074889 seconds.
  path: Assets/Sprite
  artifactKey: Guid(c1b16b4eb8ee7b24f8c59a0446bfdf7d) Importer(815301076,1909f56bfc062723c751e8b465ee728b)
Start importing Assets/Sprite using Guid(c1b16b4eb8ee7b24f8c59a0446bfdf7d) Importer(815301076,1909f56bfc062723c751e8b465ee728b)  -> (artifact id: 'd48946413da2d5cf458df5b36c3a9288') in 0.011902 seconds 
  Import took 0.018009 seconds .

========================================================================
Received Import Request.
  Time since last request: 0.164176 seconds.
  path: Assets/Sprite/bg.gif
  artifactKey: Guid(bae96aed92e76144cb43cca4a90062b1) Importer(815301076,1909f56bfc062723c751e8b465ee728b)
Start importing Assets/Sprite/bg.gif using Guid(bae96aed92e76144cb43cca4a90062b1) Importer(815301076,1909f56bfc062723c751e8b465ee728b)  -> (artifact id: '5ba45609e4271caf68c26f58dc28c1e8') in 0.184358 seconds 
  Import took 0.188724 seconds .

========================================================================
Received Import Request.
  Time since last request: 0.000315 seconds.
  path: Assets/Sprite/Plank.png
  artifactKey: Guid(be1c54bbed549fe4884acf4ca8bfe17c) Importer(815301076,1909f56bfc062723c751e8b465ee728b)
Start importing Assets/Sprite/Plank.png using Guid(be1c54bbed549fe4884acf4ca8bfe17c) Importer(815301076,1909f56bfc062723c751e8b465ee728b)  -> (artifact id: 'c7e061c35a6cfb26017897ea11fc2505') in 0.077191 seconds 
  Import took 0.083330 seconds .

========================================================================
Received Import Request.
  Time since last request: 0.000242 seconds.
  path: Assets/Sprite/flag1.png
  artifactKey: Guid(58cdd81c4a23d5344b1a5436ee1b6e20) Importer(815301076,1909f56bfc062723c751e8b465ee728b)
Start importing Assets/Sprite/flag1.png using Guid(58cdd81c4a23d5344b1a5436ee1b6e20) Importer(815301076,1909f56bfc062723c751e8b465ee728b)  -> (artifact id: '21dd31c185dfbdf9300297e719b7b40c') in 0.050020 seconds 
  Import took 0.055725 seconds .

========================================================================
Received Import Request.
  Time since last request: 0.000324 seconds.
  path: Assets/Sprite/Obstacle 1.png
  artifactKey: Guid(5f6b2ddc26322c2408c3e07968faaeb7) Importer(815301076,1909f56bfc062723c751e8b465ee728b)
Start importing Assets/Sprite/Obstacle 1.png using Guid(5f6b2ddc26322c2408c3e07968faaeb7) Importer(815301076,1909f56bfc062723c751e8b465ee728b)  -> (artifact id: '053b8af30300827a0c5dd5483aeffb0d') in 0.025354 seconds 
  Import took 0.032244 seconds .

========================================================================
Received Import Request.
  Time since last request: 0.000315 seconds.
  path: Assets/Sprite/bg3.png
  artifactKey: Guid(725c33e7950d368439de54fe0d0ae621) Importer(815301076,1909f56bfc062723c751e8b465ee728b)
Start importing Assets/Sprite/bg3.png using Guid(725c33e7950d368439de54fe0d0ae621) Importer(815301076,1909f56bfc062723c751e8b465ee728b)  -> (artifact id: '664b6bce5618f4a1db1decbbaa3256fd') in 0.022750 seconds 
  Import took 0.027706 seconds .

========================================================================
Received Import Request.
  Time since last request: 0.000217 seconds.
  path: Assets/Sprite/Particle.png
  artifactKey: Guid(22f1c233ccfe8164e8cab7d6d5fbe810) Importer(815301076,1909f56bfc062723c751e8b465ee728b)
Start importing Assets/Sprite/Particle.png using Guid(22f1c233ccfe8164e8cab7d6d5fbe810) Importer(815301076,1909f56bfc062723c751e8b465ee728b)  -> (artifact id: 'ccf7ab7e818ca551ffc3392b29ee8ead') in 0.026122 seconds 
  Import took 0.032406 seconds .

========================================================================
Received Import Request.
  Time since last request: 0.000209 seconds.
  path: Assets/Sprite/bg2.png
  artifactKey: Guid(2afa12685d373874c81d0f8108bd72d9) Importer(815301076,1909f56bfc062723c751e8b465ee728b)
Start importing Assets/Sprite/bg2.png using Guid(2afa12685d373874c81d0f8108bd72d9) Importer(815301076,1909f56bfc062723c751e8b465ee728b)  -> (artifact id: 'deac1f2b6a038ba7f0c62b9e4160d134') in 0.024551 seconds 
  Import took 0.028987 seconds .

========================================================================
Received Import Request.
  Time since last request: 0.000228 seconds.
  path: Assets/Sprite/Player 1.png
  artifactKey: Guid(25300534a3401b8499caa16e64252a85) Importer(815301076,1909f56bfc062723c751e8b465ee728b)
Start importing Assets/Sprite/Player 1.png using Guid(25300534a3401b8499caa16e64252a85) Importer(815301076,1909f56bfc062723c751e8b465ee728b)  -> (artifact id: 'd839fd10d521679f4835bec5fda8b22b') in 0.028737 seconds 
  Import took 0.033077 seconds .

========================================================================
Received Prepare
Registering precompiled user dll's ...
Registered in 0.004874 seconds.
Begin MonoManager ReloadAssembly
Native extension for WindowsStandalone target not found
Refreshing native plugins compatible for Editor in 0.75 ms, found 3 plugins.
Preloading 0 native plugins for Editor in 0.00 ms.
Mono: successfully reloaded assembly
- Completed reload, in  1.322 seconds
Domain Reload Profiling:
	ReloadAssembly (1322ms)
		BeginReloadAssembly (159ms)
			ExecutionOrderSort (0ms)
			DisableScriptedObjects (9ms)
			BackupInstance (0ms)
			ReleaseScriptingObjects (0ms)
			CreateAndSetChildDomain (48ms)
		EndReloadAssembly (1074ms)
			LoadAssemblies (116ms)
			RebuildTransferFunctionScriptingTraits (0ms)
			SetupTypeCache (396ms)
			ReleaseScriptCaches (2ms)
			RebuildScriptCaches (57ms)
			SetupLoadedEditorAssemblies (374ms)
				LogAssemblyErrors (0ms)
				InitializePlatformSupportModulesInManaged (6ms)
				SetLoadedEditorAssemblies (1ms)
				RefreshPlugins (1ms)
				BeforeProcessingInitializeOnLoad (78ms)
				ProcessInitializeOnLoadAttributes (265ms)
				ProcessInitializeOnLoadMethodAttributes (16ms)
				AfterProcessingInitializeOnLoad (9ms)
				EditorAssembliesLoaded (0ms)
			ExecutionOrderSort2 (0ms)
			AwakeInstancesAfterBackupRestoration (10ms)
Platform modules already initialized, skipping
Refreshing native plugins compatible for Editor in 0.57 ms, found 3 plugins.
Preloading 0 native plugins for Editor in 0.00 ms.
Unloading 2191 Unused Serialized files (Serialized files now loaded: 0)
System memory in use before: 118.5 MB.
System memory in use after: 118.6 MB.

Unloading 17 unused Assets to reduce memory usage. Loaded Objects now: 2689.
Total: 5.535800 ms (FindLiveObjects: 0.414300 ms CreateObjectMapping: 0.284500 ms MarkObjects: 4.780300 ms  DeleteObjects: 0.054900 ms)

AssetImportParameters requested are different than current active one (requested -> active):
  custom:framework-win-MediaFoundation: 216162199b28c13a410421893ffa2e32 -> 
  custom:video-decoder-ogg-theora: a1e56fd34408186e4bbccfd4996cb3dc -> 
  custom:container-muxer-webm: aa71ff27fc2769a1b78a27578f13a17b -> 
  custom:container-demuxer-webm: 4f35f7cbe854078d1ac9338744f61a02 -> 
  custom:container-demuxer-ogg: 62fdf1f143b41e24485cea50d1cbac27 -> 
  custom:video-encoder-webm-vp8: eb34c28f22e8b96e1ab97ce403110664 -> 
  custom:video-decoder-webm-vp8: 9c59270c3fd7afecdb556c50c9e8de78 -> 
  custom:audio-decoder-ogg-vorbis: bf7c407c2cedff20999df2af8eb42d56 -> 
  custom:audio-encoder-webm-vorbis: bf7c407c2cedff20999df2af8eb42d56 -> 
========================================================================
Received Import Request.
  Time since last request: 35.425818 seconds.
  path: Assets/Script/Obstacle.cs
  artifactKey: Guid(595c491cb69e69d4ea9afe8504fc7240) Importer(815301076,1909f56bfc062723c751e8b465ee728b)
Start importing Assets/Script/Obstacle.cs using Guid(595c491cb69e69d4ea9afe8504fc7240) Importer(815301076,1909f56bfc062723c751e8b465ee728b)  -> (artifact id: '3d64a6b5758c5c9eac215a93305bd82c') in 0.691745 seconds 
  Import took 0.696446 seconds .

========================================================================
Received Import Request.
  Time since last request: 147.822925 seconds.
  path: Assets/Script/Player.cs
  artifactKey: Guid(56f2cb80686392e44b83ef00788555b2) Importer(815301076,1909f56bfc062723c751e8b465ee728b)
Start importing Assets/Script/Player.cs using Guid(56f2cb80686392e44b83ef00788555b2) Importer(815301076,1909f56bfc062723c751e8b465ee728b)  -> (artifact id: 'c75975aeb9bf9326584d5a378a84776b') in 0.011935 seconds 
  Import took 0.019416 seconds .

========================================================================
Received Import Request.
  Time since last request: 270.245179 seconds.
  path: Assets/Script/SpawnObstacles.cs
  artifactKey: Guid(45959e27e9ac0484185b9ec9e8c51cee) Importer(815301076,1909f56bfc062723c751e8b465ee728b)
Start importing Assets/Script/SpawnObstacles.cs using Guid(45959e27e9ac0484185b9ec9e8c51cee) Importer(815301076,1909f56bfc062723c751e8b465ee728b)  -> (artifact id: '257352430c69fd3b5ec1f6b5acee9344') in 0.006954 seconds 
  Import took 0.011780 seconds .

========================================================================
Received Import Request.
  Time since last request: 296.393706 seconds.
  path: Assets/Sprite/Materials
  artifactKey: Guid(815ba0351ab271b49a6375b9a2d71ba8) Importer(815301076,1909f56bfc062723c751e8b465ee728b)
Start importing Assets/Sprite/Materials using Guid(815ba0351ab271b49a6375b9a2d71ba8) Importer(815301076,1909f56bfc062723c751e8b465ee728b)  -> (artifact id: 'd6733200dafacace625dffbd58ece0e4') in 0.008475 seconds 
  Import took 0.014406 seconds .

========================================================================
Received Import Request.
  Time since last request: 0.005153 seconds.
  path: Assets/Sprite/Materials/Background.mat
  artifactKey: Guid(65a9937acbd292944b237976f8d5a81d) Importer(815301076,1909f56bfc062723c751e8b465ee728b)
Start importing Assets/Sprite/Materials/Background.mat using Guid(65a9937acbd292944b237976f8d5a81d) Importer(815301076,1909f56bfc062723c751e8b465ee728b)  -> (artifact id: 'fb699b65f501233461d6820963cae379') in 0.283208 seconds 
  Import took 0.289327 seconds .

========================================================================
Received Import Request.
  Time since last request: 0.000280 seconds.
  path: Assets/Sprite/Materials/bg3.mat
  artifactKey: Guid(82717837f3452be42aab88ffdd9c4b45) Importer(815301076,1909f56bfc062723c751e8b465ee728b)
Start importing Assets/Sprite/Materials/bg3.mat using Guid(82717837f3452be42aab88ffdd9c4b45) Importer(815301076,1909f56bfc062723c751e8b465ee728b)  -> (artifact id: '09e6b0e0fc528fe5552ff1f17c9781bd') in 0.024888 seconds 
  Import took 0.028879 seconds .

========================================================================
Received Import Request.
  Time since last request: 0.000304 seconds.
  path: Assets/Sprite/Materials/bg.mat
  artifactKey: Guid(8d20c72a10529b14794ff00de8b2310d) Importer(815301076,1909f56bfc062723c751e8b465ee728b)
Start importing Assets/Sprite/Materials/bg.mat using Guid(8d20c72a10529b14794ff00de8b2310d) Importer(815301076,1909f56bfc062723c751e8b465ee728b)  -> (artifact id: 'a9f112b0e76a7609c6da83a07f049557') in 0.017975 seconds 
  Import took 0.022801 seconds .

========================================================================
Received Import Request.
  Time since last request: 0.000316 seconds.
  path: Assets/Sprite/Materials/bg 1.mat
  artifactKey: Guid(6f85d9586fe33c14ebd2d37a01f9a915) Importer(815301076,1909f56bfc062723c751e8b465ee728b)
Start importing Assets/Sprite/Materials/bg 1.mat using Guid(6f85d9586fe33c14ebd2d37a01f9a915) Importer(815301076,1909f56bfc062723c751e8b465ee728b)  -> (artifact id: 'f17d433bb3806dce1e47f141c99df547') in 0.019601 seconds 
  Import took 0.024718 seconds .

========================================================================
Received Import Request.
  Time since last request: 0.000334 seconds.
  path: Assets/Sprite/Materials/bg2.mat
  artifactKey: Guid(456b5a3da012a054aa5fa23c1df1333d) Importer(815301076,1909f56bfc062723c751e8b465ee728b)
Start importing Assets/Sprite/Materials/bg2.mat using Guid(456b5a3da012a054aa5fa23c1df1333d) Importer(815301076,1909f56bfc062723c751e8b465ee728b)  -> (artifact id: 'f431be8c73af51e0626cf4f93d49d810') in 0.019737 seconds 
  Import took 0.026333 seconds .

AssetImportWorkerClient::OnTransportError - code=2 error=End of file
